<?xml version="1.0" encoding="UTF-8"?>
<testng-results skipped="0" failed="0" total="1" passed="1">
  <reporter-output>
  </reporter-output>
  <suite name="Suite" duration-ms="4624" started-at="2018-06-08T00:18:33Z" finished-at="2018-06-08T00:18:37Z">
    <groups>
    </groups>
    <test name="Test" duration-ms="4624" started-at="2018-06-08T00:18:33Z" finished-at="2018-06-08T00:18:37Z">
      <class name="Revopay.RevopaySmokeTest1">
        <test-method status="PASS" signature="VerifyDashboardPage()[pri:0, instance:Revopay.RevopaySmokeTest1@48ae9b55]" name="VerifyDashboardPage" duration-ms="3953" started-at="2018-06-07T17:18:33Z" finished-at="2018-06-07T17:18:37Z">
          <reporter-output>
          </reporter-output>
        </test-method> <!-- VerifyDashboardPage -->
        <test-method status="PASS" signature="cleanup()[pri:0, instance:Revopay.RevopaySmokeTest1@48ae9b55]" name="cleanup" is-config="true" duration-ms="670" started-at="2018-06-07T17:18:37Z" finished-at="2018-06-07T17:18:37Z">
          <reporter-output>
          </reporter-output>
        </test-method> <!-- cleanup -->
      </class> <!-- Revopay.RevopaySmokeTest1 -->
    </test> <!-- Test -->
  </suite> <!-- Suite -->
</testng-results>
